Start testing: Dec 05 15:41 PST
----------------------------------------------------------
1/1 Testing: test_basic_example
1/1 Test: test_basic_example
Command: "/home/amohs002/projects/research/SIRIUS/or-tools/examples/basic_example/build/bin/basic_example"
Directory: /data/home/amohs002/projects/research/SIRIUS/or-tools/examples/basic_example/build
"test_basic_example" start time: Dec 05 15:41 PST
Output:
----------------------------------------------------------
I1205 15:41:44.252300 3573308 basic_example.cc:30] Google OR-Tools version : 9.11.4210
I1205 15:41:44.253730 3573308 basic_example.cc:46] Number of variables = 2
I1205 15:41:44.253764 3573308 basic_example.cc:56] Number of constraints = 1
I1205 15:41:44.253767 3573308 basic_example.cc:68] Solving with Glop solver v9.11.4210
I1205 15:41:44.254345 3573308 basic_example.cc:74] Status: MPSOLVER_OPTIMAL
I1205 15:41:44.254364 3573308 basic_example.cc:85] Solution:
I1205 15:41:44.254366 3573308 basic_example.cc:86] Objective value = 4
I1205 15:41:44.254401 3573308 basic_example.cc:87] x = 1
I1205 15:41:44.254403 3573308 basic_example.cc:88] y = 1
I1205 15:41:44.254404 3573308 basic_example.cc:92] Advanced usage:
I1205 15:41:44.254405 3573308 basic_example.cc:93] Problem solved in 0 milliseconds
I1205 15:41:44.254407 3573308 basic_example.cc:94] Problem solved in 0 iterations
<end of output>
Test time =   0.02 sec
----------------------------------------------------------
Test Passed.
"test_basic_example" end time: Dec 05 15:41 PST
"test_basic_example" time elapsed: 00:00:00
----------------------------------------------------------

End testing: Dec 05 15:41 PST
