Start testing: Dec 05 15:42 PST
----------------------------------------------------------
1/1 Testing: test_simple_lp_program
1/1 Test: test_simple_lp_program
Command: "/home/amohs002/projects/research/SIRIUS/or-tools/examples/simple_lp_program/build/bin/simple_lp_program"
Directory: /data/home/amohs002/projects/research/SIRIUS/or-tools/examples/simple_lp_program/build
"test_simple_lp_program" start time: Dec 05 15:42 PST
Output:
----------------------------------------------------------
WARNING: All log messages before absl::InitializeLog() is called are written to STDERR
I0000 00:00:1733442128.809061 3580180 simple_lp_program.cc:36] Number of variables = 2
I0000 00:00:1733442128.809190 3580180 simple_lp_program.cc:50] Number of constraints = 2
I0000 00:00:1733442128.809635 3580180 simple_lp_program.cc:70] Solution:

I0000 00:00:1733442128.809665 3580180 simple_lp_program.cc:71] Objective value = 25
I0000 00:00:1733442128.809692 3580180 simple_lp_program.cc:72] x = 0
I0000 00:00:1733442128.809697 3580180 simple_lp_program.cc:73] y = 2.5
I0000 00:00:1733442128.809701 3580180 simple_lp_program.cc:77] 
Advanced usage:
I0000 00:00:1733442128.809703 3580180 simple_lp_program.cc:78] Problem solved in 0 milliseconds
I0000 00:00:1733442128.809708 3580180 simple_lp_program.cc:79] Problem solved in 0 iterations
<end of output>
Test time =   0.01 sec
----------------------------------------------------------
Test Passed.
"test_simple_lp_program" end time: Dec 05 15:42 PST
"test_simple_lp_program" time elapsed: 00:00:00
----------------------------------------------------------

End testing: Dec 05 15:42 PST
