Start testing: Dec 05 15:42 PST
----------------------------------------------------------
1/1 Testing: test_simple_min_cost_flow_program
1/1 Test: test_simple_min_cost_flow_program
Command: "/home/amohs002/projects/research/SIRIUS/or-tools/examples/simple_min_cost_flow_program/build/bin/simple_min_cost_flow_program"
Directory: /data/home/amohs002/projects/research/SIRIUS/or-tools/examples/simple_min_cost_flow_program/build
"test_simple_min_cost_flow_program" start time: Dec 05 15:42 PST
Output:
----------------------------------------------------------
WARNING: All log messages before absl::InitializeLog() is called are written to STDERR
I0000 00:00:1733442124.378770 3579431 simple_min_cost_flow_program.cc:65] Minimum cost flow: 150
I0000 00:00:1733442124.378904 3579431 simple_min_cost_flow_program.cc:66] 
I0000 00:00:1733442124.378910 3579431 simple_min_cost_flow_program.cc:67]  Arc   Flow / Capacity  Cost
I0000 00:00:1733442124.378913 3579431 simple_min_cost_flow_program.cc:70] 0 -> 1  12  / 15       48
I0000 00:00:1733442124.378922 3579431 simple_min_cost_flow_program.cc:70] 0 -> 2  8  / 8       32
I0000 00:00:1733442124.378926 3579431 simple_min_cost_flow_program.cc:70] 1 -> 2  8  / 20       16
I0000 00:00:1733442124.378929 3579431 simple_min_cost_flow_program.cc:70] 1 -> 3  4  / 4       8
I0000 00:00:1733442124.378933 3579431 simple_min_cost_flow_program.cc:70] 1 -> 4  0  / 10       0
I0000 00:00:1733442124.378937 3579431 simple_min_cost_flow_program.cc:70] 2 -> 3  12  / 15       12
I0000 00:00:1733442124.378941 3579431 simple_min_cost_flow_program.cc:70] 2 -> 4  4  / 4       12
I0000 00:00:1733442124.378945 3579431 simple_min_cost_flow_program.cc:70] 3 -> 4  11  / 20       22
I0000 00:00:1733442124.378948 3579431 simple_min_cost_flow_program.cc:70] 4 -> 2  0  / 5       0
<end of output>
Test time =   0.01 sec
----------------------------------------------------------
Test Passed.
"test_simple_min_cost_flow_program" end time: Dec 05 15:42 PST
"test_simple_min_cost_flow_program" time elapsed: 00:00:00
----------------------------------------------------------

End testing: Dec 05 15:42 PST
