Start testing: Dec 05 15:42 PST
----------------------------------------------------------
1/1 Testing: test_vrp
1/1 Test: test_vrp
Command: "/home/amohs002/projects/research/SIRIUS/or-tools/examples/vrp/build/bin/vrp"
Directory: /data/home/amohs002/projects/research/SIRIUS/or-tools/examples/vrp/build
"test_vrp" start time: Dec 05 15:42 PST
Output:
----------------------------------------------------------
WARNING: All log messages before absl::InitializeLog() is called are written to STDERR
I0000 00:00:1733442154.283112 3584091 vrp.cc:78] Objective: 4384
I0000 00:00:1733442154.283211 3584091 vrp.cc:82] Route for Vehicle 0:
I0000 00:00:1733442154.283226 3584091 vrp.cc:92] 0 -> 0
I0000 00:00:1733442154.283232 3584091 vrp.cc:93] Distance of the route: 0m
I0000 00:00:1733442154.283236 3584091 vrp.cc:82] Route for Vehicle 1:
I0000 00:00:1733442154.283240 3584091 vrp.cc:92] 0 -> 0
I0000 00:00:1733442154.283243 3584091 vrp.cc:93] Distance of the route: 0m
I0000 00:00:1733442154.283246 3584091 vrp.cc:82] Route for Vehicle 2:
I0000 00:00:1733442154.283250 3584091 vrp.cc:92] 0 -> 0
I0000 00:00:1733442154.283252 3584091 vrp.cc:93] Distance of the route: 0m
I0000 00:00:1733442154.283255 3584091 vrp.cc:82] Route for Vehicle 3:
I0000 00:00:1733442154.283264 3584091 vrp.cc:92] 0 -> 9 -> 5 -> 8 -> 6 -> 2 -> 10 -> 16 -> 14 -> 13 -> 12 -> 11 -> 15 -> 3 -> 4 -> 1 -> 7 -> 0
I0000 00:00:1733442154.283268 3584091 vrp.cc:93] Distance of the route: 4384m
I0000 00:00:1733442154.283271 3584091 vrp.cc:96] Total distance of all routes: 4384m
I0000 00:00:1733442154.283274 3584091 vrp.cc:97] 
I0000 00:00:1733442154.283276 3584091 vrp.cc:98] Advanced usage:
I0000 00:00:1733442154.283278 3584091 vrp.cc:99] Problem solved in 5ms
<end of output>
Test time =   0.02 sec
----------------------------------------------------------
Test Passed.
"test_vrp" end time: Dec 05 15:42 PST
"test_vrp" time elapsed: 00:00:00
----------------------------------------------------------

End testing: Dec 05 15:42 PST
