Start testing: Dec 05 15:42 PST
----------------------------------------------------------
1/1 Testing: test_simple_max_flow_program
1/1 Test: test_simple_max_flow_program
Command: "/home/amohs002/projects/research/SIRIUS/or-tools/examples/simple_max_flow_program/build/bin/simple_max_flow_program"
Directory: /data/home/amohs002/projects/research/SIRIUS/or-tools/examples/simple_max_flow_program/build
"test_simple_max_flow_program" start time: Dec 05 15:42 PST
Output:
----------------------------------------------------------
WARNING: All log messages before absl::InitializeLog() is called are written to STDERR
I0000 00:00:1733442121.029299 3579290 simple_max_flow_program.cc:62] Solving the max flow problem failed. Solver status: 0
<end of output>
Test time =   0.01 sec
----------------------------------------------------------
Test Passed.
"test_simple_max_flow_program" end time: Dec 05 15:42 PST
"test_simple_max_flow_program" time elapsed: 00:00:00
----------------------------------------------------------

End testing: Dec 05 15:42 PST
